<?xml version="1.0" encoding="UTF-8"?>
<!-- Generated by org.testng.reporters.JUnitXMLReporter -->
<testsuite ignored="6" hostname="AHLPT2208063-N" failures="1" tests="26" name="Test" time="226.169" errors="0" timestamp="2025-10-31T15:13:55 IST">
  <testcase classname="test_case.Login" name="Login_Data" time="4.522"/>
  <testcase classname="test_case.Login_Test_Data" name="logoutMainUser" time="6.633"/>
  <testcase classname="test_case.Login_Test_Data" name="Login_Test" time="9.326"/>
  <testcase classname="test_case.Login_Test_Data" name="Login_Test" time="9.35"/>
  <testcase classname="test_case.Login_Test_Data" name="Login_Test" time="9.371"/>
  <testcase classname="test_case.Login_Test_Data" name="Login_Test" time="10.399"/>
  <testcase classname="test_case.Login_Test_Data" name="Block_User" time="9.476"/>
  <testcase classname="test_case.Login_Test_Data" name="Block_User" time="9.292"/>
  <testcase classname="test_case.Login_Test_Data" name="Block_User" time="10.335"/>
  <testcase classname="test_case.Login_Test_Data" name="Block_User" time="9.319"/>
  <testcase classname="test_case.Login_Test_Data" name="Block_User" time="9.362"/>
  <testcase classname="test_case.Login_Test_Data" name="Block_User" time="9.365"/>
  <testcase classname="test_case.Login_Test_Data" name="MainUserLogin" time="3.843"/>
  <testcase classname="test_case.Access_permissions" name="Add_Group" time="10.187"/>
  <testcase classname="test_case.Access_permissions" name="view_Group" time="6.492"/>
  <testcase classname="test_case.Access_permissions" name="edit_Group" time="6.644"/>
  <testcase classname="test_case.Access_permissions" name="delete_Group" time="6.509"/>
  <testcase classname="test_case.Access_permissions" name="Add_Role" time="23.673"/>
  <testcase classname="test_case.Access_permissions" name="view_Role" time="6.536"/>
  <testcase classname="test_case.Access_permissions" name="edit_Role" time="6.949"/>
  <testcase classname="test_case.Access_permissions" name="delete_Role" time="6.55"/>
  <testcase classname="test_case.Access_permissions" name="Add_User" time="12.663"/>
  <testcase classname="test_case.Access_permissions" name="view_User" time="10.153">
    <failure type="java.lang.AssertionError" message="User was not Viewed successfully! expected [true] but found [false]">
      <![CDATA[java.lang.AssertionError: User was not Viewed successfully! expected [true] but found [false]
at test_case.Access_permissions.view_User(Access_permissions.java:102)
at java.base/java.util.ArrayList.forEach(ArrayList.java:1511)
... Removed 30 stack frames]]>
    </failure>
  </testcase> <!-- view_User -->
  <testcase classname="test_case.Access_permissions" name="edit_User" time="0.0">
    <skipped/>
  </testcase> <!-- edit_User -->
  <testcase classname="test_case.Access_permissions" name="delete_User" time="0.0">
    <skipped/>
  </testcase> <!-- delete_User -->
  <testcase classname="test_case.Logout" name="logoutUser" time="6.858"/>
  <testcase classname="base.Base_Class" name="@AfterTest CloseBrowser" time="0.0">
    <ignored/>
  </testcase> <!-- @AfterTest CloseBrowser -->
  <testcase classname="base.Base_Class" name="@AfterTest CloseBrowser" time="0.0">
    <ignored/>
  </testcase> <!-- @AfterTest CloseBrowser -->
  <testcase classname="base.Base_Class" name="@BeforeTest Launch_Browser" time="0.0">
    <ignored/>
  </testcase> <!-- @BeforeTest Launch_Browser -->
  <testcase classname="base.Base_Class" name="@BeforeTest Launch_Browser" time="0.0">
    <ignored/>
  </testcase> <!-- @BeforeTest Launch_Browser -->
  <testcase classname="base.Base_Class" name="@BeforeTest Launch_Browser" time="0.0">
    <ignored/>
  </testcase> <!-- @BeforeTest Launch_Browser -->
  <testcase classname="base.Base_Class" name="@AfterTest CloseBrowser" time="0.0">
    <ignored/>
  </testcase> <!-- @AfterTest CloseBrowser -->
</testsuite> <!-- Test -->
