<?xml version="1.0" encoding="ISO-8859-1" ?>
<!DOCTYPE html PUBLIC "-//W3C//DTD XHTML 1.0 Strict//EN"
"http://www.w3.org/TR/xhtml1/DTD/xhtml1-strict.dtd">
<html xmlns="http://www.w3.org/1999/xhtml" xml:lang="en" lang="en">
<head>
  <meta http-equiv="Content-Type" content="text/html;charset=utf-8" />
  <meta name="description" content="TestNG unit test results." />
  <link href="css/bootstrap.min.css" rel="stylesheet" />
  <link href="css/reportngClass.css" rel="stylesheet" />
  <script type="text/javascript" src="js/reportngClass.js"></script>
  <script type="text/javascript" src="js/jquery-1.4.4.min.js"></script> 
  <script type="text/javascript" src="js/jquery.tablesorter.min.js"></script>
  <script type="text/javascript" src="js/json-min.js"></script>
  <script type="text/javascript">
	$(document).ready(function(){
		$('.tablesorter').tablesorter({sortList: [[0,0]]});
	});
  </script>
</head>
<body onload="doParse(); return false;" onkeypress="collapseExpand();">
<div class="well well-large">
	<b>Test Info</>
	<table class="table">
	  <tr>
	    <th>Test Name : </th>
	    <th>
	    	<div class="tooltipCustom">
	    		<img src="images/copy.png" width="10" height="15" alt="Copy to Clipboard" onclick="copyToClipboard('#testNameId')"/>
	    		<span class="tooltiptextCustom">Copy Test name</span>
			</div>
	    </th>
	    <th id="testNameId">Test</th> 
	  </tr>
	  <tr>
	    <th>Test Class : </th>
	    <th>
	    	<div class="tooltipCustom">
	    		<img src="images/copy.png" width="10" height="15" alt="Copy to Clipboard" onclick="copyToClipboard('#testClassId')"/>
	    		<span class="tooltiptextCustom">Copy full path Class name</span>
			</div>
	    	<div class="tooltipCustom">
	    		<img src="images/copy.png" width="10" height="15" alt="Copy to Clipboard" onclick="copyToClipboard('#testClassNameId')"/>
	    		<span class="tooltiptextCustom">Copy Class name</span>
			</div>
	    </th> 
	    <th id="testClassId">test_case.Login<br>test_case.Access_permissions<br></th>
	    <th id="testClassNameId" hidden="true">Login<br>Access_permissions<br></th>
	  </tr>
	  <tr>
	    <th>Suite Name : </th>
	    <th>
	    	<div class="tooltipCustom">
	    		<img src="images/copy.png" width="10" height="15" alt="Copy to Clipboard" onclick="copyToClipboard('#suiteNameId')"/>
	    		<span class="tooltiptextCustom">Copy Suite name</span>
			</div>
		</th>
	    <th id="suiteNameId">Suite</th>
	  </tr>
	  <tr>
	    <th>Suite XML : </th>
	    <th>
	    	<div class="tooltipCustom">
	    		<img src="images/copy.png" width="10" height="15" alt="Copy to Clipboard" onclick="copyToClipboard('#suiteXMLId')"/>
	    		<span class="tooltiptextCustom">Copy Suite full path name</span>
			</div>
	    	<div class="tooltipCustom">
	    		<img src="images/copy.png" width="10" height="15" alt="Copy to Clipboard" onclick="copyToClipboard('#suiteXMLNameId')"/>
	    		<span class="tooltiptextCustom">Copy Suite file name</span>
			</div>
	    </th> 
	  	<th id="suiteXMLId">D:\Backup\Projects\rhb.com\testng.xml</th>
	  	<th id="suiteXMLNameId" hidden="true">testng.xml</th>
	  </tr>
	  	  <tr>
	    <th>Total Time : </th>
	    <th></th>
	    <th>00:00:11</th> 
	  </tr>
	  <tr>
	    <th>Total Steps : </th>
	   	<th></th>
	    <th>4</th> 
	  </tr>
	  <tr>
	    <th>Status : </th>
	    <th></th>
	    <th><font color="red">FAIL</font></th> 
	  </tr>
	</table>
</div>
<div class="well well-large">
	<div class="row">
		<div class="col-xs-12">
	        <div class="text-right">
	            <button id="hideResults" type="button" class="btn-danger" onclick="collapseExpand(this);" onkeypress="collapseExpand(this);" class="btn pull-right" title="Click or Press Any key to collapse/expand All Failed Tests and Configuration Methods">Show Only Failures</button>
	        </div>
	    </div>
	</div>
	<table class="tablesorter" border="1">
		<thead>
		<tr>
		<th class="headerTime">Time</th>
		<th class="headerTime" width="12%">Info</th>
		<th class="headerTime" width="88%">Test</th>
		</tr>
		</thead>
		<tbody>
		
				
				
																
											<tr>
	<td class="time">1758538189966</td>
	<td class="header failed" colspan="4" onClick="toggleElement('78ffa341-c337-4383-b5a3-d6cad7ca048a','block');changeSingleIcon('span-78ffa341-c337-4383-b5a3-d6cad7ca048a');" title="Click to expand/collapse" style="cursor: pointer;">
	<div style="float:left;"><i>Class&nbsp;:&nbsp;</i>test_case.Access_permissions</div>
	<div style="float:right;">@Test @ with DataProvider : [""] &nbsp;&nbsp;<span id='span-78ffa341-c337-4383-b5a3-d6cad7ca048a' class="glyphicon glyphicon-menu-down"></span></div>
	</td>
	</tr>
<tr>
	<td class="time">1758538189966</td>
	<td class="methodTest">
		<span class="description"><b>Method: </b>Add_Role</span><br>
			<span class="description"><b>Description: </b></span><br>
				<span class="description"><b>Priority: </b><font color='blue'>2</font></span><br>
						<span class="duration"><b>Duration: </b>0.843s</span><br>
	</td>
	<td class="result">
						<div class="noCollapse" id="78ffa341-c337-4383-b5a3-d6cad7ca048a" style="display: block;">
												Test Case Started : Add_Role<br>
												Test Case Failure : 2<br>
									<a href="javascript:toggleElement('exception-78ffa341-c337-4383-b5a3-d6cad7ca048a','block')" title="Click to expand/collapse"><b>java.lang.RuntimeException: Add New Role : Not Clicked</b></a><br/>
		<div class="stackTrace" id="exception-78ffa341-c337-4383-b5a3-d6cad7ca048a">
					utilities.Helper_Class.safeClick(Helper_Class.java:35)<br/>
					Page_Objects.Access_Permissions_page.addrole(Access_Permissions_page.java:175)<br/>
					test_case.Access_permissions.Add_Role(Access_permissions.java:36)<br/>
					java.base/jdk.internal.reflect.NativeMethodAccessorImpl.invoke0(Native Method)<br/>
					java.base/jdk.internal.reflect.NativeMethodAccessorImpl.invoke(NativeMethodAccessorImpl.java:77)<br/>
					java.base/jdk.internal.reflect.DelegatingMethodAccessorImpl.invoke(DelegatingMethodAccessorImpl.java:43)<br/>
					java.base/java.lang.reflect.Method.invoke(Method.java:568)<br/>
					org.testng.internal.invokers.MethodInvocationHelper.invokeMethod(MethodInvocationHelper.java:141)<br/>
					org.testng.internal.invokers.TestInvoker.invokeMethod(TestInvoker.java:686)<br/>
					org.testng.internal.invokers.TestInvoker.invokeTestMethod(TestInvoker.java:230)<br/>
					org.testng.internal.invokers.MethodRunner.runInSequence(MethodRunner.java:63)<br/>
					org.testng.internal.invokers.TestInvoker$MethodInvocationAgent.invoke(TestInvoker.java:992)<br/>
					org.testng.internal.invokers.TestInvoker.invokeTestMethods(TestInvoker.java:203)<br/>
					org.testng.internal.invokers.TestMethodWorker.invokeTestMethods(TestMethodWorker.java:154)<br/>
					org.testng.internal.invokers.TestMethodWorker.run(TestMethodWorker.java:134)<br/>
					java.base/java.util.ArrayList.forEach(ArrayList.java:1511)<br/>
					org.testng.TestRunner.privateRun(TestRunner.java:739)<br/>
					org.testng.TestRunner.run(TestRunner.java:614)<br/>
					org.testng.SuiteRunner.runTest(SuiteRunner.java:421)<br/>
					org.testng.SuiteRunner.runSequentially(SuiteRunner.java:413)<br/>
					org.testng.SuiteRunner.privateRun(SuiteRunner.java:373)<br/>
					org.testng.SuiteRunner.run(SuiteRunner.java:312)<br/>
					org.testng.SuiteRunnerWorker.runSuite(SuiteRunnerWorker.java:52)<br/>
					org.testng.SuiteRunnerWorker.run(SuiteRunnerWorker.java:95)<br/>
					org.testng.TestNG.runSuitesSequentially(TestNG.java:1274)<br/>
					org.testng.TestNG.runSuitesLocally(TestNG.java:1208)<br/>
					org.testng.TestNG.runSuites(TestNG.java:1112)<br/>
					org.testng.TestNG.run(TestNG.java:1079)<br/>
					org.apache.maven.surefire.testng.TestNGExecutor.run(TestNGExecutor.java:284)<br/>
					org.apache.maven.surefire.testng.TestNGXmlTestSuite.execute(TestNGXmlTestSuite.java:75)<br/>
					org.apache.maven.surefire.testng.TestNGProvider.invoke(TestNGProvider.java:119)<br/>
					org.apache.maven.surefire.booter.ForkedBooter.runSuitesInProcess(ForkedBooter.java:428)<br/>
					org.apache.maven.surefire.booter.ForkedBooter.execute(ForkedBooter.java:162)<br/>
					org.apache.maven.surefire.booter.ForkedBooter.run(ForkedBooter.java:562)<br/>
					org.apache.maven.surefire.booter.ForkedBooter.main(ForkedBooter.java:548)<br/>
						</div>
		</td>
	</div>
</tr>
					<tr>
	<td class="time">1758538188367</td>
	<td class="header failed" colspan="4" onClick="toggleElement('5ac8b425-051d-42e5-a4bd-f16b45f764d5','block');changeSingleIcon('span-5ac8b425-051d-42e5-a4bd-f16b45f764d5');" title="Click to expand/collapse" style="cursor: pointer;">
	<div style="float:left;"><i>Class&nbsp;:&nbsp;</i>test_case.Access_permissions</div>
	<div style="float:right;">@Test @ with DataProvider : [""] &nbsp;&nbsp;<span id='span-5ac8b425-051d-42e5-a4bd-f16b45f764d5' class="glyphicon glyphicon-menu-down"></span></div>
	</td>
	</tr>
<tr>
	<td class="time">1758538188367</td>
	<td class="methodTest">
		<span class="description"><b>Method: </b>Add_Group</span><br>
			<span class="description"><b>Description: </b></span><br>
				<span class="description"><b>Priority: </b><font color='blue'>1</font></span><br>
						<span class="duration"><b>Duration: </b>1.506s</span><br>
	</td>
	<td class="result">
						<div class="noCollapse" id="5ac8b425-051d-42e5-a4bd-f16b45f764d5" style="display: block;">
												Test Case Started : Add_Group<br>
												Test Case Failure : 2<br>
									<a href="javascript:toggleElement('exception-5ac8b425-051d-42e5-a4bd-f16b45f764d5','block')" title="Click to expand/collapse"><b>java.lang.RuntimeException: Submit is clicked : Not Clicked</b></a><br/>
		<div class="stackTrace" id="exception-5ac8b425-051d-42e5-a4bd-f16b45f764d5">
					utilities.Helper_Class.safeClick(Helper_Class.java:35)<br/>
					Page_Objects.Access_Permissions_page.addgroup(Access_Permissions_page.java:164)<br/>
					test_case.Access_permissions.Add_Group(Access_permissions.java:29)<br/>
					java.base/jdk.internal.reflect.NativeMethodAccessorImpl.invoke0(Native Method)<br/>
					java.base/jdk.internal.reflect.NativeMethodAccessorImpl.invoke(NativeMethodAccessorImpl.java:77)<br/>
					java.base/jdk.internal.reflect.DelegatingMethodAccessorImpl.invoke(DelegatingMethodAccessorImpl.java:43)<br/>
					java.base/java.lang.reflect.Method.invoke(Method.java:568)<br/>
					org.testng.internal.invokers.MethodInvocationHelper.invokeMethod(MethodInvocationHelper.java:141)<br/>
					org.testng.internal.invokers.TestInvoker.invokeMethod(TestInvoker.java:686)<br/>
					org.testng.internal.invokers.TestInvoker.invokeTestMethod(TestInvoker.java:230)<br/>
					org.testng.internal.invokers.MethodRunner.runInSequence(MethodRunner.java:63)<br/>
					org.testng.internal.invokers.TestInvoker$MethodInvocationAgent.invoke(TestInvoker.java:992)<br/>
					org.testng.internal.invokers.TestInvoker.invokeTestMethods(TestInvoker.java:203)<br/>
					org.testng.internal.invokers.TestMethodWorker.invokeTestMethods(TestMethodWorker.java:154)<br/>
					org.testng.internal.invokers.TestMethodWorker.run(TestMethodWorker.java:134)<br/>
					java.base/java.util.ArrayList.forEach(ArrayList.java:1511)<br/>
					org.testng.TestRunner.privateRun(TestRunner.java:739)<br/>
					org.testng.TestRunner.run(TestRunner.java:614)<br/>
					org.testng.SuiteRunner.runTest(SuiteRunner.java:421)<br/>
					org.testng.SuiteRunner.runSequentially(SuiteRunner.java:413)<br/>
					org.testng.SuiteRunner.privateRun(SuiteRunner.java:373)<br/>
					org.testng.SuiteRunner.run(SuiteRunner.java:312)<br/>
					org.testng.SuiteRunnerWorker.runSuite(SuiteRunnerWorker.java:52)<br/>
					org.testng.SuiteRunnerWorker.run(SuiteRunnerWorker.java:95)<br/>
					org.testng.TestNG.runSuitesSequentially(TestNG.java:1274)<br/>
					org.testng.TestNG.runSuitesLocally(TestNG.java:1208)<br/>
					org.testng.TestNG.runSuites(TestNG.java:1112)<br/>
					org.testng.TestNG.run(TestNG.java:1079)<br/>
					org.apache.maven.surefire.testng.TestNGExecutor.run(TestNGExecutor.java:284)<br/>
					org.apache.maven.surefire.testng.TestNGXmlTestSuite.execute(TestNGXmlTestSuite.java:75)<br/>
					org.apache.maven.surefire.testng.TestNGProvider.invoke(TestNGProvider.java:119)<br/>
					org.apache.maven.surefire.booter.ForkedBooter.runSuitesInProcess(ForkedBooter.java:428)<br/>
					org.apache.maven.surefire.booter.ForkedBooter.execute(ForkedBooter.java:162)<br/>
					org.apache.maven.surefire.booter.ForkedBooter.run(ForkedBooter.java:562)<br/>
					org.apache.maven.surefire.booter.ForkedBooter.main(ForkedBooter.java:548)<br/>
						</div>
		</td>
	</div>
</tr>
						
				
												<tr>
			<td class="time">1758538190872</td>
			<td class="header passed" colspan="4" onClick="toggleElement('2c0daaa0-0dd9-4979-bf6d-0cd67c7e2865','block');changeSingleIcon('span-2c0daaa0-0dd9-4979-bf6d-0cd67c7e2865');" title="Click to expand/collapse" style="cursor: pointer;">
			<div style="float:left;"><i>Class&nbsp;:&nbsp;</i>test_case.Access_permissions</div>
			<div style="float:right;">@Test @ with DataProvider : [""] &nbsp;&nbsp;<span id='span-2c0daaa0-0dd9-4979-bf6d-0cd67c7e2865' class="glyphicon glyphicon-menu-down"></span></div>
			</td>
			</tr>
			<tr>
	<td class="time">1758538190872</td>
	<td class="methodTest">
		<span class="description"><b>Method: </b>Add_User</span><br>
			<span class="description"><b>Description: </b></span><br>
				<span class="description"><b>Priority: </b><font color='blue'>3</font></span><br>
						<span class="duration"><b>Duration: </b>3.565s</span><br>
	</td>
	<td class="result">
						<div class="stackTrace" id="2c0daaa0-0dd9-4979-bf6d-0cd67c7e2865" style="display: block;">
												Test Case Started : Add_User<br>
												Test Case Success : 1<br>
								</td>
	</div>
</tr>
										<tr>
			<td class="time">1758538187294</td>
			<td class="header passed" colspan="4" onClick="toggleElement('93ad9fe5-146e-4564-a334-a898ca003a1c','block');changeSingleIcon('span-93ad9fe5-146e-4564-a334-a898ca003a1c');" title="Click to expand/collapse" style="cursor: pointer;">
			<div style="float:left;"><i>Class&nbsp;:&nbsp;</i>test_case.Login</div>
			<div style="float:right;">@Test @ with DataProvider : ["LoginCredentials"] &nbsp;&nbsp;<span id='span-93ad9fe5-146e-4564-a334-a898ca003a1c' class="glyphicon glyphicon-menu-down"></span></div>
			</td>
			</tr>
			<tr>
	<td class="time">1758538187294</td>
	<td class="methodTest">
		<span class="description"><b>Method: </b>Login_Data</span><br>
			<span class="description"><b>Description: </b></span><br>
							<span class="duration"><b>Duration: </b>0.989s</span><br>
	</td>
	<td class="result">
					<i>Method arguments: </i><span class="arguments">"Approver", "User@123"</span><br>
				<div class="stackTrace" id="93ad9fe5-146e-4564-a334-a898ca003a1c" style="display: block;">
												Test Case Started : Login_Data<br>
												Test Case Success : 1<br>
								</td>
	</div>
</tr>
					  
	</tbody>
	</table>
</div>
</body>
</html>
