<?xml version="1.0" encoding="UTF-8"?>
<!-- Generated by org.testng.reporters.JUnitXMLReporter -->
<testsuite ignored="1" hostname="AHLPT2208063-N" failures="2" tests="4" name="Test" time="11.661" errors="0" timestamp="2025-09-22T16:19:55 IST">
  <testcase classname="test_case.Login" name="Login_Data" time="0.989"/>
  <testcase classname="test_case.Access_permissions" name="Add_Group" time="1.506">
    <failure type="java.lang.RuntimeException" message="Submit is clicked : Not Clicked">
      <![CDATA[java.lang.RuntimeException: Submit is clicked : Not Clicked
at utilities.Helper_Class.safeClick(Helper_Class.java:35)
at Page_Objects.Access_Permissions_page.addgroup(Access_Permissions_page.java:164)
at test_case.Access_permissions.Add_Group(Access_permissions.java:29)
at java.base/java.util.ArrayList.forEach(ArrayList.java:1511)
... Removed 31 stack frames]]>
    </failure>
  </testcase> <!-- Add_Group -->
  <testcase classname="test_case.Access_permissions" name="Add_Role" time="0.843">
    <failure type="java.lang.RuntimeException" message="Add New Role : Not Clicked">
      <![CDATA[java.lang.RuntimeException: Add New Role : Not Clicked
at utilities.Helper_Class.safeClick(Helper_Class.java:35)
at Page_Objects.Access_Permissions_page.addrole(Access_Permissions_page.java:175)
at test_case.Access_permissions.Add_Role(Access_permissions.java:36)
at java.base/java.util.ArrayList.forEach(ArrayList.java:1511)
... Removed 31 stack frames]]>
    </failure>
  </testcase> <!-- Add_Role -->
  <testcase classname="test_case.Access_permissions" name="Add_User" time="3.565"/>
  <testcase classname="base.Base_Class" name="@BeforeTest Launch_Browser" time="0.0">
    <ignored/>
  </testcase> <!-- @BeforeTest Launch_Browser -->
</testsuite> <!-- Test -->
