<?xml version="1.0" encoding="UTF-8"?>
<testng-results ignored="0" total="26" passed="23" failed="1" skipped="2">
  <reporter-output>
    <line>
      <![CDATA[Test Case Started : Login_Data]]>
    </line>
    <line>
      <![CDATA[Test Case Success : 1]]>
    </line>
    <line>
      <![CDATA[Test Case Started : logoutMainUser]]>
    </line>
    <line>
      <![CDATA[Test Case Success : 1]]>
    </line>
    <line>
      <![CDATA[Test Case Started : Login_Test]]>
    </line>
    <line>
      <![CDATA[Test Case Success : 1]]>
    </line>
    <line>
      <![CDATA[Test Case Started : Login_Test]]>
    </line>
    <line>
      <![CDATA[Test Case Success : 1]]>
    </line>
    <line>
      <![CDATA[Test Case Started : Login_Test]]>
    </line>
    <line>
      <![CDATA[Test Case Success : 1]]>
    </line>
    <line>
      <![CDATA[Test Case Started : Login_Test]]>
    </line>
    <line>
      <![CDATA[Test Case Success : 1]]>
    </line>
    <line>
      <![CDATA[Test Case Started : Block_User]]>
    </line>
    <line>
      <![CDATA[Test Case Success : 1]]>
    </line>
    <line>
      <![CDATA[Test Case Started : Block_User]]>
    </line>
    <line>
      <![CDATA[Test Case Success : 1]]>
    </line>
    <line>
      <![CDATA[Test Case Started : Block_User]]>
    </line>
    <line>
      <![CDATA[Test Case Success : 1]]>
    </line>
    <line>
      <![CDATA[Test Case Started : Block_User]]>
    </line>
    <line>
      <![CDATA[Test Case Success : 1]]>
    </line>
    <line>
      <![CDATA[Test Case Started : Block_User]]>
    </line>
    <line>
      <![CDATA[Test Case Success : 1]]>
    </line>
    <line>
      <![CDATA[Test Case Started : Block_User]]>
    </line>
    <line>
      <![CDATA[Test Case Success : 1]]>
    </line>
    <line>
      <![CDATA[Test Case Started : MainUserLogin]]>
    </line>
    <line>
      <![CDATA[Test Case Success : 1]]>
    </line>
    <line>
      <![CDATA[Test Case Started : Add_Group]]>
    </line>
    <line>
      <![CDATA[Test Case Success : 1]]>
    </line>
    <line>
      <![CDATA[Test Case Started : view_Group]]>
    </line>
    <line>
      <![CDATA[Test Case Success : 1]]>
    </line>
    <line>
      <![CDATA[Test Case Started : edit_Group]]>
    </line>
    <line>
      <![CDATA[Test Case Success : 1]]>
    </line>
    <line>
      <![CDATA[Test Case Started : delete_Group]]>
    </line>
    <line>
      <![CDATA[Test Case Success : 1]]>
    </line>
    <line>
      <![CDATA[Test Case Started : Add_Role]]>
    </line>
    <line>
      <![CDATA[Test Case Success : 1]]>
    </line>
    <line>
      <![CDATA[Test Case Started : view_Role]]>
    </line>
    <line>
      <![CDATA[Test Case Success : 1]]>
    </line>
    <line>
      <![CDATA[Test Case Started : edit_Role]]>
    </line>
    <line>
      <![CDATA[Test Case Success : 1]]>
    </line>
    <line>
      <![CDATA[Test Case Started : delete_Role]]>
    </line>
    <line>
      <![CDATA[Test Case Success : 1]]>
    </line>
    <line>
      <![CDATA[Test Case Started : Add_User]]>
    </line>
    <line>
      <![CDATA[Test Case Success : 1]]>
    </line>
    <line>
      <![CDATA[Test Case Started : view_User]]>
    </line>
    <line>
      <![CDATA[Test Case Failure : 2]]>
    </line>
    <line>
      <![CDATA[Test Case Started : edit_User]]>
    </line>
    <line>
      <![CDATA[Test Case Started : delete_User]]>
    </line>
    <line>
      <![CDATA[Test Case Started : logoutUser]]>
    </line>
    <line>
      <![CDATA[Test Case Success : 1]]>
    </line>
  </reporter-output>
  <suite started-at="2025-10-31T15:10:08 IST" name="Suite" finished-at="2025-10-31T15:13:55 IST" duration-ms="226169">
    <groups>
    </groups>
    <test started-at="2025-10-31T15:10:08 IST" name="Test" finished-at="2025-10-31T15:13:55 IST" duration-ms="226169">
      <class name="test_case.Logout">
        <test-method signature="logoutUser()[pri:0, instance:test_case.Logout@64712be]" started-at="2025-10-31T15:13:47 IST" name="logoutUser" finished-at="2025-10-31T15:13:54 IST" duration-ms="6858" status="PASS">
          <reporter-output>
            <line>
              <![CDATA[Test Case Started : logoutUser]]>
            </line>
            <line>
              <![CDATA[Test Case Success : 1]]>
            </line>
          </reporter-output>
        </test-method> <!-- logoutUser -->
      </class> <!-- test_case.Logout -->
      <class name="test_case.Login">
        <test-method is-config="true" signature="Launch_Browser()[pri:0, instance:test_case.Login@7caa550]" started-at="2025-10-31T15:10:08 IST" name="Launch_Browser" finished-at="2025-10-31T15:10:15 IST" duration-ms="6923" status="PASS">
          <reporter-output>
          </reporter-output>
        </test-method> <!-- Launch_Browser -->
        <test-method signature="Login_Data(java.lang.String,java.lang.String)[pri:0, instance:test_case.Login@7caa550]" started-at="2025-10-31T15:10:17 IST" name="Login_Data" data-provider="LoginCredentials" finished-at="2025-10-31T15:10:22 IST" duration-ms="4522" status="PASS">
          <params>
            <param index="0">
              <value>
                <![CDATA[Approver]]>
              </value>
            </param>
            <param index="1">
              <value>
                <![CDATA[User@123]]>
              </value>
            </param>
          </params>
          <reporter-output>
            <line>
              <![CDATA[Test Case Started : Login_Data]]>
            </line>
            <line>
              <![CDATA[Test Case Success : 1]]>
            </line>
          </reporter-output>
        </test-method> <!-- Login_Data -->
        <test-method is-config="true" signature="CloseBrowser()[pri:0, instance:test_case.Login@7caa550]" started-at="2025-10-31T15:13:54 IST" name="CloseBrowser" finished-at="2025-10-31T15:13:55 IST" duration-ms="886" status="PASS">
          <reporter-output>
          </reporter-output>
        </test-method> <!-- CloseBrowser -->
      </class> <!-- test_case.Login -->
      <class name="test_case.Login_Test_Data">
        <test-method signature="logoutMainUser()[pri:1, instance:test_case.Login_Test_Data@32057e6]" started-at="2025-10-31T15:10:22 IST" name="logoutMainUser" finished-at="2025-10-31T15:10:29 IST" duration-ms="6633" status="PASS">
          <reporter-output>
            <line>
              <![CDATA[Test Case Started : logoutMainUser]]>
            </line>
            <line>
              <![CDATA[Test Case Success : 1]]>
            </line>
          </reporter-output>
        </test-method> <!-- logoutMainUser -->
        <test-method signature="Login_Test(java.lang.String,java.lang.String,java.lang.String)[pri:2, instance:test_case.Login_Test_Data@32057e6]" started-at="2025-10-31T15:10:29 IST" name="Login_Test" data-provider="LoginCredentials" finished-at="2025-10-31T15:10:38 IST" duration-ms="9326" status="PASS">
          <params>
            <param index="0">
              <value>
                <![CDATA[Approver1]]>
              </value>
            </param>
            <param index="1">
              <value>
                <![CDATA[User@1234]]>
              </value>
            </param>
            <param index="2">
              <value>
                <![CDATA[Invalid user name or password or Deactivated.]]>
              </value>
            </param>
          </params>
          <reporter-output>
            <line>
              <![CDATA[Test Case Started : Login_Test]]>
            </line>
            <line>
              <![CDATA[Test Case Success : 1]]>
            </line>
          </reporter-output>
        </test-method> <!-- Login_Test -->
        <test-method signature="Login_Test(java.lang.String,java.lang.String,java.lang.String)[pri:2, instance:test_case.Login_Test_Data@32057e6]" started-at="2025-10-31T15:10:38 IST" name="Login_Test" data-provider="LoginCredentials" finished-at="2025-10-31T15:10:48 IST" duration-ms="9350" status="PASS">
          <params>
            <param index="0">
              <value>
                <![CDATA[Approver]]>
              </value>
            </param>
            <param index="1">
              <value>
                <![CDATA[User@1234]]>
              </value>
            </param>
            <param index="2">
              <value>
                <![CDATA[Invalid user name or password.]]>
              </value>
            </param>
          </params>
          <reporter-output>
            <line>
              <![CDATA[Test Case Started : Login_Test]]>
            </line>
            <line>
              <![CDATA[Test Case Success : 1]]>
            </line>
          </reporter-output>
        </test-method> <!-- Login_Test -->
        <test-method signature="Login_Test(java.lang.String,java.lang.String,java.lang.String)[pri:2, instance:test_case.Login_Test_Data@32057e6]" started-at="2025-10-31T15:10:48 IST" name="Login_Test" data-provider="LoginCredentials" finished-at="2025-10-31T15:10:57 IST" duration-ms="9371" status="PASS">
          <params>
            <param index="0">
              <value>
                <![CDATA[Approver1]]>
              </value>
            </param>
            <param index="1">
              <value>
                <![CDATA[User@123]]>
              </value>
            </param>
            <param index="2">
              <value>
                <![CDATA[Invalid user name or password or Deactivated.]]>
              </value>
            </param>
          </params>
          <reporter-output>
            <line>
              <![CDATA[Test Case Started : Login_Test]]>
            </line>
            <line>
              <![CDATA[Test Case Success : 1]]>
            </line>
          </reporter-output>
        </test-method> <!-- Login_Test -->
        <test-method signature="Login_Test(java.lang.String,java.lang.String,java.lang.String)[pri:2, instance:test_case.Login_Test_Data@32057e6]" started-at="2025-10-31T15:10:57 IST" name="Login_Test" data-provider="LoginCredentials" finished-at="2025-10-31T15:11:08 IST" duration-ms="10399" status="PASS">
          <params>
            <param index="0">
              <value>
                <![CDATA[Approver]]>
              </value>
            </param>
            <param index="1">
              <value>
                <![CDATA[User@123]]>
              </value>
            </param>
            <param index="2">
              <value>
                <![CDATA[]]>
              </value>
            </param>
          </params>
          <reporter-output>
            <line>
              <![CDATA[Test Case Started : Login_Test]]>
            </line>
            <line>
              <![CDATA[Test Case Success : 1]]>
            </line>
          </reporter-output>
        </test-method> <!-- Login_Test -->
        <test-method signature="Block_User(java.lang.String,java.lang.String,java.lang.String)[pri:3, instance:test_case.Login_Test_Data@32057e6]" started-at="2025-10-31T15:11:08 IST" name="Block_User" data-provider="BlockLoginCredentials" finished-at="2025-10-31T15:11:17 IST" duration-ms="9476" status="PASS">
          <params>
            <param index="0">
              <value>
                <![CDATA[Check]]>
              </value>
            </param>
            <param index="1">
              <value>
                <![CDATA[User123]]>
              </value>
            </param>
            <param index="2">
              <value>
                <![CDATA[Invalid user name or password.]]>
              </value>
            </param>
          </params>
          <reporter-output>
            <line>
              <![CDATA[Test Case Started : Block_User]]>
            </line>
            <line>
              <![CDATA[Test Case Success : 1]]>
            </line>
          </reporter-output>
        </test-method> <!-- Block_User -->
        <test-method signature="Block_User(java.lang.String,java.lang.String,java.lang.String)[pri:3, instance:test_case.Login_Test_Data@32057e6]" started-at="2025-10-31T15:11:17 IST" name="Block_User" data-provider="BlockLoginCredentials" finished-at="2025-10-31T15:11:27 IST" duration-ms="9292" status="PASS">
          <params>
            <param index="0">
              <value>
                <![CDATA[Check]]>
              </value>
            </param>
            <param index="1">
              <value>
                <![CDATA[User1234]]>
              </value>
            </param>
            <param index="2">
              <value>
                <![CDATA[Invalid user name or password.]]>
              </value>
            </param>
          </params>
          <reporter-output>
            <line>
              <![CDATA[Test Case Started : Block_User]]>
            </line>
            <line>
              <![CDATA[Test Case Success : 1]]>
            </line>
          </reporter-output>
        </test-method> <!-- Block_User -->
        <test-method signature="Block_User(java.lang.String,java.lang.String,java.lang.String)[pri:3, instance:test_case.Login_Test_Data@32057e6]" started-at="2025-10-31T15:11:27 IST" name="Block_User" data-provider="BlockLoginCredentials" finished-at="2025-10-31T15:11:37 IST" duration-ms="10335" status="PASS">
          <params>
            <param index="0">
              <value>
                <![CDATA[Check]]>
              </value>
            </param>
            <param index="1">
              <value>
                <![CDATA[User@123]]>
              </value>
            </param>
            <param index="2">
              <value>
                <![CDATA[]]>
              </value>
            </param>
          </params>
          <reporter-output>
            <line>
              <![CDATA[Test Case Started : Block_User]]>
            </line>
            <line>
              <![CDATA[Test Case Success : 1]]>
            </line>
          </reporter-output>
        </test-method> <!-- Block_User -->
        <test-method signature="Block_User(java.lang.String,java.lang.String,java.lang.String)[pri:3, instance:test_case.Login_Test_Data@32057e6]" started-at="2025-10-31T15:11:37 IST" name="Block_User" data-provider="BlockLoginCredentials" finished-at="2025-10-31T15:11:46 IST" duration-ms="9319" status="PASS">
          <params>
            <param index="0">
              <value>
                <![CDATA[Check]]>
              </value>
            </param>
            <param index="1">
              <value>
                <![CDATA[User123]]>
              </value>
            </param>
            <param index="2">
              <value>
                <![CDATA[Invalid user name or password.]]>
              </value>
            </param>
          </params>
          <reporter-output>
            <line>
              <![CDATA[Test Case Started : Block_User]]>
            </line>
            <line>
              <![CDATA[Test Case Success : 1]]>
            </line>
          </reporter-output>
        </test-method> <!-- Block_User -->
        <test-method signature="Block_User(java.lang.String,java.lang.String,java.lang.String)[pri:3, instance:test_case.Login_Test_Data@32057e6]" started-at="2025-10-31T15:11:46 IST" name="Block_User" data-provider="BlockLoginCredentials" finished-at="2025-10-31T15:11:56 IST" duration-ms="9362" status="PASS">
          <params>
            <param index="0">
              <value>
                <![CDATA[Check]]>
              </value>
            </param>
            <param index="1">
              <value>
                <![CDATA[User1234]]>
              </value>
            </param>
            <param index="2">
              <value>
                <![CDATA[Invalid user name or password.]]>
              </value>
            </param>
          </params>
          <reporter-output>
            <line>
              <![CDATA[Test Case Started : Block_User]]>
            </line>
            <line>
              <![CDATA[Test Case Success : 1]]>
            </line>
          </reporter-output>
        </test-method> <!-- Block_User -->
        <test-method signature="Block_User(java.lang.String,java.lang.String,java.lang.String)[pri:3, instance:test_case.Login_Test_Data@32057e6]" started-at="2025-10-31T15:11:56 IST" name="Block_User" data-provider="BlockLoginCredentials" finished-at="2025-10-31T15:12:05 IST" duration-ms="9365" status="PASS">
          <params>
            <param index="0">
              <value>
                <![CDATA[Check]]>
              </value>
            </param>
            <param index="1">
              <value>
                <![CDATA[User12345]]>
              </value>
            </param>
            <param index="2">
              <value>
                <![CDATA[Your account has been disabled due to maximum failed login attempts. Please contact System Administrator.]]>
              </value>
            </param>
          </params>
          <reporter-output>
            <line>
              <![CDATA[Test Case Started : Block_User]]>
            </line>
            <line>
              <![CDATA[Test Case Success : 1]]>
            </line>
          </reporter-output>
        </test-method> <!-- Block_User -->
        <test-method signature="MainUserLogin(java.lang.String,java.lang.String)[pri:4, instance:test_case.Login_Test_Data@32057e6]" started-at="2025-10-31T15:12:05 IST" name="MainUserLogin" data-provider="LoginCredentials1" finished-at="2025-10-31T15:12:09 IST" duration-ms="3843" status="PASS">
          <params>
            <param index="0">
              <value>
                <![CDATA[Approver]]>
              </value>
            </param>
            <param index="1">
              <value>
                <![CDATA[User@123]]>
              </value>
            </param>
          </params>
          <reporter-output>
            <line>
              <![CDATA[Test Case Started : MainUserLogin]]>
            </line>
            <line>
              <![CDATA[Test Case Success : 1]]>
            </line>
          </reporter-output>
        </test-method> <!-- MainUserLogin -->
      </class> <!-- test_case.Login_Test_Data -->
      <class name="test_case.Access_permissions">
        <test-method is-config="true" signature="Access_Permissions_Setup()[pri:0, instance:test_case.Access_permissions@759fad4]" started-at="2025-10-31T15:12:09 IST" name="Access_Permissions_Setup" finished-at="2025-10-31T15:12:09 IST" duration-ms="19" status="PASS">
          <reporter-output>
          </reporter-output>
        </test-method> <!-- Access_Permissions_Setup -->
        <test-method signature="Add_Group()[pri:1, instance:test_case.Access_permissions@759fad4]" started-at="2025-10-31T15:12:09 IST" name="Add_Group" finished-at="2025-10-31T15:12:19 IST" duration-ms="10187" status="PASS">
          <reporter-output>
            <line>
              <![CDATA[Test Case Started : Add_Group]]>
            </line>
            <line>
              <![CDATA[Test Case Success : 1]]>
            </line>
          </reporter-output>
        </test-method> <!-- Add_Group -->
        <test-method signature="view_Group()[pri:2, instance:test_case.Access_permissions@759fad4]" started-at="2025-10-31T15:12:19 IST" name="view_Group" finished-at="2025-10-31T15:12:26 IST" depends-on-methods="test_case.Access_permissions.Add_Group" duration-ms="6492" status="PASS">
          <reporter-output>
            <line>
              <![CDATA[Test Case Started : view_Group]]>
            </line>
            <line>
              <![CDATA[Test Case Success : 1]]>
            </line>
          </reporter-output>
        </test-method> <!-- view_Group -->
        <test-method signature="edit_Group()[pri:3, instance:test_case.Access_permissions@759fad4]" started-at="2025-10-31T15:12:26 IST" name="edit_Group" finished-at="2025-10-31T15:12:33 IST" depends-on-methods="test_case.Access_permissions.Add_Group" duration-ms="6644" status="PASS">
          <reporter-output>
            <line>
              <![CDATA[Test Case Started : edit_Group]]>
            </line>
            <line>
              <![CDATA[Test Case Success : 1]]>
            </line>
          </reporter-output>
        </test-method> <!-- edit_Group -->
        <test-method signature="delete_Group()[pri:4, instance:test_case.Access_permissions@759fad4]" started-at="2025-10-31T15:12:33 IST" name="delete_Group" finished-at="2025-10-31T15:12:39 IST" depends-on-methods="test_case.Access_permissions.Add_Group" duration-ms="6509" status="PASS">
          <reporter-output>
            <line>
              <![CDATA[Test Case Started : delete_Group]]>
            </line>
            <line>
              <![CDATA[Test Case Success : 1]]>
            </line>
          </reporter-output>
        </test-method> <!-- delete_Group -->
        <test-method signature="Add_Role()[pri:5, instance:test_case.Access_permissions@759fad4]" started-at="2025-10-31T15:12:39 IST" name="Add_Role" finished-at="2025-10-31T15:13:03 IST" duration-ms="23673" status="PASS">
          <reporter-output>
            <line>
              <![CDATA[Test Case Started : Add_Role]]>
            </line>
            <line>
              <![CDATA[Test Case Success : 1]]>
            </line>
          </reporter-output>
        </test-method> <!-- Add_Role -->
        <test-method signature="view_Role()[pri:6, instance:test_case.Access_permissions@759fad4]" started-at="2025-10-31T15:13:03 IST" name="view_Role" finished-at="2025-10-31T15:13:10 IST" depends-on-methods="test_case.Access_permissions.Add_Role" duration-ms="6536" status="PASS">
          <reporter-output>
            <line>
              <![CDATA[Test Case Started : view_Role]]>
            </line>
            <line>
              <![CDATA[Test Case Success : 1]]>
            </line>
          </reporter-output>
        </test-method> <!-- view_Role -->
        <test-method signature="edit_Role()[pri:7, instance:test_case.Access_permissions@759fad4]" started-at="2025-10-31T15:13:10 IST" name="edit_Role" finished-at="2025-10-31T15:13:17 IST" depends-on-methods="test_case.Access_permissions.view_Role" duration-ms="6949" status="PASS">
          <reporter-output>
            <line>
              <![CDATA[Test Case Started : edit_Role]]>
            </line>
            <line>
              <![CDATA[Test Case Success : 1]]>
            </line>
          </reporter-output>
        </test-method> <!-- edit_Role -->
        <test-method signature="delete_Role()[pri:8, instance:test_case.Access_permissions@759fad4]" started-at="2025-10-31T15:13:17 IST" name="delete_Role" finished-at="2025-10-31T15:13:24 IST" depends-on-methods="test_case.Access_permissions.edit_Role" duration-ms="6550" status="PASS">
          <reporter-output>
            <line>
              <![CDATA[Test Case Started : delete_Role]]>
            </line>
            <line>
              <![CDATA[Test Case Success : 1]]>
            </line>
          </reporter-output>
        </test-method> <!-- delete_Role -->
        <test-method signature="Add_User()[pri:9, instance:test_case.Access_permissions@759fad4]" started-at="2025-10-31T15:13:24 IST" name="Add_User" finished-at="2025-10-31T15:13:36 IST" duration-ms="12663" status="PASS">
          <reporter-output>
            <line>
              <![CDATA[Test Case Started : Add_User]]>
            </line>
            <line>
              <![CDATA[Test Case Success : 1]]>
            </line>
          </reporter-output>
        </test-method> <!-- Add_User -->
        <test-method signature="view_User()[pri:10, instance:test_case.Access_permissions@759fad4]" started-at="2025-10-31T15:13:36 IST" name="view_User" finished-at="2025-10-31T15:13:47 IST" depends-on-methods="test_case.Access_permissions.Add_User" duration-ms="10153" status="FAIL">
          <exception class="java.lang.AssertionError">
            <message>
              <![CDATA[User was not Viewed successfully! expected [true] but found [false]]]>
            </message>
            <full-stacktrace>
              <![CDATA[java.lang.AssertionError: User was not Viewed successfully! expected [true] but found [false]
at org.testng.Assert.fail(Assert.java:111)
at org.testng.Assert.failNotEquals(Assert.java:1578)
at org.testng.Assert.assertTrue(Assert.java:57)
at test_case.Access_permissions.view_User(Access_permissions.java:102)
at java.base/jdk.internal.reflect.NativeMethodAccessorImpl.invoke0(Native Method)
at java.base/jdk.internal.reflect.NativeMethodAccessorImpl.invoke(NativeMethodAccessorImpl.java:77)
at java.base/jdk.internal.reflect.DelegatingMethodAccessorImpl.invoke(DelegatingMethodAccessorImpl.java:43)
at java.base/java.lang.reflect.Method.invoke(Method.java:568)
at org.testng.internal.invokers.MethodInvocationHelper.invokeMethod(MethodInvocationHelper.java:141)
at org.testng.internal.invokers.TestInvoker.invokeMethod(TestInvoker.java:686)
at org.testng.internal.invokers.TestInvoker.invokeTestMethod(TestInvoker.java:230)
at org.testng.internal.invokers.MethodRunner.runInSequence(MethodRunner.java:63)
at org.testng.internal.invokers.TestInvoker$MethodInvocationAgent.invoke(TestInvoker.java:992)
at org.testng.internal.invokers.TestInvoker.invokeTestMethods(TestInvoker.java:203)
at org.testng.internal.invokers.TestMethodWorker.invokeTestMethods(TestMethodWorker.java:154)
at org.testng.internal.invokers.TestMethodWorker.run(TestMethodWorker.java:134)
at java.base/java.util.ArrayList.forEach(ArrayList.java:1511)
at org.testng.TestRunner.privateRun(TestRunner.java:739)
at org.testng.TestRunner.run(TestRunner.java:614)
at org.testng.SuiteRunner.runTest(SuiteRunner.java:421)
at org.testng.SuiteRunner.runSequentially(SuiteRunner.java:413)
at org.testng.SuiteRunner.privateRun(SuiteRunner.java:373)
at org.testng.SuiteRunner.run(SuiteRunner.java:312)
at org.testng.SuiteRunnerWorker.runSuite(SuiteRunnerWorker.java:52)
at org.testng.SuiteRunnerWorker.run(SuiteRunnerWorker.java:95)
at org.testng.TestNG.runSuitesSequentially(TestNG.java:1274)
at org.testng.TestNG.runSuitesLocally(TestNG.java:1208)
at org.testng.TestNG.runSuites(TestNG.java:1112)
at org.testng.TestNG.run(TestNG.java:1079)
at org.testng.remote.AbstractRemoteTestNG.run(AbstractRemoteTestNG.java:115)
at org.testng.remote.RemoteTestNG.initAndRun(RemoteTestNG.java:293)
at org.testng.remote.RemoteTestNG.main(RemoteTestNG.java:91)
]]>
            </full-stacktrace>
          </exception> <!-- java.lang.AssertionError -->
          <reporter-output>
            <line>
              <![CDATA[Test Case Started : view_User]]>
            </line>
            <line>
              <![CDATA[Test Case Failure : 2]]>
            </line>
          </reporter-output>
        </test-method> <!-- view_User -->
        <test-method signature="edit_User()[pri:11, instance:test_case.Access_permissions@759fad4]" started-at="2025-10-31T15:13:47 IST" name="edit_User" finished-at="2025-10-31T15:13:47 IST" depends-on-methods="test_case.Access_permissions.view_User" duration-ms="0" status="SKIP">
          <exception class="java.lang.Throwable">
            <message>
              <![CDATA[Method test_case.Access_permissions.edit_User() on instance test_case.Access_permissions@759fad4 depends on not successfully finished methods 
[test_case.Access_permissions.view_User() on instance test_case.Access_permissions@759fad4]]]>
            </message>
            <full-stacktrace>
              <![CDATA[java.lang.Throwable: Method test_case.Access_permissions.edit_User() on instance test_case.Access_permissions@759fad4 depends on not successfully finished methods 
[test_case.Access_permissions.view_User() on instance test_case.Access_permissions@759fad4]
at org.testng.internal.invokers.TestInvoker.invokeTestMethods(TestInvoker.java:159)
at org.testng.internal.invokers.TestMethodWorker.invokeTestMethods(TestMethodWorker.java:154)
at org.testng.internal.invokers.TestMethodWorker.run(TestMethodWorker.java:134)
at java.base/java.util.ArrayList.forEach(ArrayList.java:1511)
at org.testng.TestRunner.privateRun(TestRunner.java:739)
at org.testng.TestRunner.run(TestRunner.java:614)
at org.testng.SuiteRunner.runTest(SuiteRunner.java:421)
at org.testng.SuiteRunner.runSequentially(SuiteRunner.java:413)
at org.testng.SuiteRunner.privateRun(SuiteRunner.java:373)
at org.testng.SuiteRunner.run(SuiteRunner.java:312)
at org.testng.SuiteRunnerWorker.runSuite(SuiteRunnerWorker.java:52)
at org.testng.SuiteRunnerWorker.run(SuiteRunnerWorker.java:95)
at org.testng.TestNG.runSuitesSequentially(TestNG.java:1274)
at org.testng.TestNG.runSuitesLocally(TestNG.java:1208)
at org.testng.TestNG.runSuites(TestNG.java:1112)
at org.testng.TestNG.run(TestNG.java:1079)
at org.testng.remote.AbstractRemoteTestNG.run(AbstractRemoteTestNG.java:115)
at org.testng.remote.RemoteTestNG.initAndRun(RemoteTestNG.java:293)
at org.testng.remote.RemoteTestNG.main(RemoteTestNG.java:91)
]]>
            </full-stacktrace>
          </exception> <!-- java.lang.Throwable -->
          <reporter-output>
            <line>
              <![CDATA[Test Case Started : delete_User]]>
            </line>
          </reporter-output>
        </test-method> <!-- edit_User -->
        <test-method signature="delete_User()[pri:12, instance:test_case.Access_permissions@759fad4]" started-at="2025-10-31T15:13:47 IST" name="delete_User" finished-at="2025-10-31T15:13:47 IST" depends-on-methods="test_case.Access_permissions.edit_User" duration-ms="0" status="SKIP">
          <exception class="java.lang.Throwable">
            <message>
              <![CDATA[Method test_case.Access_permissions.delete_User() on instance test_case.Access_permissions@759fad4 depends on not successfully finished methods 
[test_case.Access_permissions.edit_User() on instance test_case.Access_permissions@759fad4]]]>
            </message>
            <full-stacktrace>
              <![CDATA[java.lang.Throwable: Method test_case.Access_permissions.delete_User() on instance test_case.Access_permissions@759fad4 depends on not successfully finished methods 
[test_case.Access_permissions.edit_User() on instance test_case.Access_permissions@759fad4]
at org.testng.internal.invokers.TestInvoker.invokeTestMethods(TestInvoker.java:159)
at org.testng.internal.invokers.TestMethodWorker.invokeTestMethods(TestMethodWorker.java:154)
at org.testng.internal.invokers.TestMethodWorker.run(TestMethodWorker.java:134)
at java.base/java.util.ArrayList.forEach(ArrayList.java:1511)
at org.testng.TestRunner.privateRun(TestRunner.java:739)
at org.testng.TestRunner.run(TestRunner.java:614)
at org.testng.SuiteRunner.runTest(SuiteRunner.java:421)
at org.testng.SuiteRunner.runSequentially(SuiteRunner.java:413)
at org.testng.SuiteRunner.privateRun(SuiteRunner.java:373)
at org.testng.SuiteRunner.run(SuiteRunner.java:312)
at org.testng.SuiteRunnerWorker.runSuite(SuiteRunnerWorker.java:52)
at org.testng.SuiteRunnerWorker.run(SuiteRunnerWorker.java:95)
at org.testng.TestNG.runSuitesSequentially(TestNG.java:1274)
at org.testng.TestNG.runSuitesLocally(TestNG.java:1208)
at org.testng.TestNG.runSuites(TestNG.java:1112)
at org.testng.TestNG.run(TestNG.java:1079)
at org.testng.remote.AbstractRemoteTestNG.run(AbstractRemoteTestNG.java:115)
at org.testng.remote.RemoteTestNG.initAndRun(RemoteTestNG.java:293)
at org.testng.remote.RemoteTestNG.main(RemoteTestNG.java:91)
]]>
            </full-stacktrace>
          </exception> <!-- java.lang.Throwable -->
          <reporter-output>
          </reporter-output>
        </test-method> <!-- delete_User -->
      </class> <!-- test_case.Access_permissions -->
    </test> <!-- Test -->
  </suite> <!-- Suite -->
</testng-results>
