<?xml version="1.0" encoding="UTF-8"?>
<!-- Generated by org.testng.reporters.JUnitReportReporter -->
<testsuite hostname="AHLPT2208063-N" failures="1" tests="12" name="test_case.Access_permissions" time="96.356" errors="0" timestamp="2025-10-31T15:13:56 IST" skipped="2">
  <testcase classname="test_case.Access_permissions" name="Add_Group" time="10.187">
    <system-out>
      <![CDATA[Test Case Started : Add_Group
Test Case Success : 1]]>
    </system-out>
  </testcase> <!-- Add_Group -->
  <testcase classname="test_case.Access_permissions" name="view_Group" time="6.492">
    <system-out>
      <![CDATA[Test Case Started : view_Group
Test Case Success : 1]]>
    </system-out>
  </testcase> <!-- view_Group -->
  <testcase classname="test_case.Access_permissions" name="edit_Group" time="6.644">
    <system-out>
      <![CDATA[Test Case Started : edit_Group
Test Case Success : 1]]>
    </system-out>
  </testcase> <!-- edit_Group -->
  <testcase classname="test_case.Access_permissions" name="delete_Group" time="6.509">
    <system-out>
      <![CDATA[Test Case Started : delete_Group
Test Case Success : 1]]>
    </system-out>
  </testcase> <!-- delete_Group -->
  <testcase classname="test_case.Access_permissions" name="Add_Role" time="23.673">
    <system-out>
      <![CDATA[Test Case Started : Add_Role
Test Case Success : 1]]>
    </system-out>
  </testcase> <!-- Add_Role -->
  <testcase classname="test_case.Access_permissions" name="view_Role" time="6.536">
    <system-out>
      <![CDATA[Test Case Started : view_Role
Test Case Success : 1]]>
    </system-out>
  </testcase> <!-- view_Role -->
  <testcase classname="test_case.Access_permissions" name="edit_Role" time="6.949">
    <system-out>
      <![CDATA[Test Case Started : edit_Role
Test Case Success : 1]]>
    </system-out>
  </testcase> <!-- edit_Role -->
  <testcase classname="test_case.Access_permissions" name="delete_Role" time="6.550">
    <system-out>
      <![CDATA[Test Case Started : delete_Role
Test Case Success : 1]]>
    </system-out>
  </testcase> <!-- delete_Role -->
  <testcase classname="test_case.Access_permissions" name="Add_User" time="12.663">
    <system-out>
      <![CDATA[Test Case Started : Add_User
Test Case Success : 1]]>
    </system-out>
  </testcase> <!-- Add_User -->
  <testcase classname="test_case.Access_permissions" name="view_User" time="10.153">
    <failure message="User was not Viewed successfully! expected [true] but found [false]" type="java.lang.AssertionError">
      <![CDATA[java.lang.AssertionError: User was not Viewed successfully! expected [true] but found [false]
at org.testng.Assert.fail(Assert.java:111)
at org.testng.Assert.failNotEquals(Assert.java:1578)
at org.testng.Assert.assertTrue(Assert.java:57)
at test_case.Access_permissions.view_User(Access_permissions.java:102)
at java.base/jdk.internal.reflect.NativeMethodAccessorImpl.invoke0(Native Method)
at java.base/jdk.internal.reflect.NativeMethodAccessorImpl.invoke(NativeMethodAccessorImpl.java:77)
at java.base/jdk.internal.reflect.DelegatingMethodAccessorImpl.invoke(DelegatingMethodAccessorImpl.java:43)
at java.base/java.lang.reflect.Method.invoke(Method.java:568)
at org.testng.internal.invokers.MethodInvocationHelper.invokeMethod(MethodInvocationHelper.java:141)
at org.testng.internal.invokers.TestInvoker.invokeMethod(TestInvoker.java:686)
at org.testng.internal.invokers.TestInvoker.invokeTestMethod(TestInvoker.java:230)
at org.testng.internal.invokers.MethodRunner.runInSequence(MethodRunner.java:63)
at org.testng.internal.invokers.TestInvoker$MethodInvocationAgent.invoke(TestInvoker.java:992)
at org.testng.internal.invokers.TestInvoker.invokeTestMethods(TestInvoker.java:203)
at org.testng.internal.invokers.TestMethodWorker.invokeTestMethods(TestMethodWorker.java:154)
at org.testng.internal.invokers.TestMethodWorker.run(TestMethodWorker.java:134)
at java.base/java.util.ArrayList.forEach(ArrayList.java:1511)
at org.testng.TestRunner.privateRun(TestRunner.java:739)
at org.testng.TestRunner.run(TestRunner.java:614)
at org.testng.SuiteRunner.runTest(SuiteRunner.java:421)
at org.testng.SuiteRunner.runSequentially(SuiteRunner.java:413)
at org.testng.SuiteRunner.privateRun(SuiteRunner.java:373)
at org.testng.SuiteRunner.run(SuiteRunner.java:312)
at org.testng.SuiteRunnerWorker.runSuite(SuiteRunnerWorker.java:52)
at org.testng.SuiteRunnerWorker.run(SuiteRunnerWorker.java:95)
at org.testng.TestNG.runSuitesSequentially(TestNG.java:1274)
at org.testng.TestNG.runSuitesLocally(TestNG.java:1208)
at org.testng.TestNG.runSuites(TestNG.java:1112)
at org.testng.TestNG.run(TestNG.java:1079)
at org.testng.remote.AbstractRemoteTestNG.run(AbstractRemoteTestNG.java:115)
at org.testng.remote.RemoteTestNG.initAndRun(RemoteTestNG.java:293)
at org.testng.remote.RemoteTestNG.main(RemoteTestNG.java:91)
]]>
    </failure>
    <system-out>
      <![CDATA[Test Case Started : view_User
Test Case Failure : 2]]>
    </system-out>
  </testcase> <!-- view_User -->
  <testcase classname="test_case.Access_permissions" name="edit_User" time="0.000">
    <skipped/>
    <system-out>
      <![CDATA[Test Case Started : delete_User]]>
    </system-out>
  </testcase> <!-- edit_User -->
  <testcase classname="test_case.Access_permissions" name="delete_User" time="0.000">
    <skipped/>
  </testcase> <!-- delete_User -->
  <system-out>
    <![CDATA[Test Case Started : Login_Data
Test Case Success : 1
Test Case Started : logoutMainUser
Test Case Success : 1
Test Case Started : Login_Test
Test Case Success : 1
Test Case Started : Login_Test
Test Case Success : 1
Test Case Started : Login_Test
Test Case Success : 1
Test Case Started : Login_Test
Test Case Success : 1
Test Case Started : Block_User
Test Case Success : 1
Test Case Started : Block_User
Test Case Success : 1
Test Case Started : Block_User
Test Case Success : 1
Test Case Started : Block_User
Test Case Success : 1
Test Case Started : Block_User
Test Case Success : 1
Test Case Started : Block_User
Test Case Success : 1
Test Case Started : MainUserLogin
Test Case Success : 1
Test Case Started : Add_Group
Test Case Success : 1
Test Case Started : view_Group
Test Case Success : 1
Test Case Started : edit_Group
Test Case Success : 1
Test Case Started : delete_Group
Test Case Success : 1
Test Case Started : Add_Role
Test Case Success : 1
Test Case Started : view_Role
Test Case Success : 1
Test Case Started : edit_Role
Test Case Success : 1
Test Case Started : delete_Role
Test Case Success : 1
Test Case Started : Add_User
Test Case Success : 1
Test Case Started : view_User
Test Case Failure : 2
Test Case Started : edit_User
Test Case Started : delete_User
Test Case Started : logoutUser
Test Case Success : 1]]>
  </system-out>
</testsuite> <!-- test_case.Access_permissions -->
